<?xml version="1.0" encoding="UTF-8"?>
<testsuite xmlns:xsi="http://www.w3.org/2001/XMLSchema-instance" xsi:noNamespaceSchemaLocation="https://maven.apache.org/surefire/maven-surefire-plugin/xsd/surefire-test-report.xsd" name="com.picochain.auth.test.JwtTest" time="0.034" tests="3" errors="3" skipped="0" failures="0">
  <properties>
    <property name="sun.desktop" value="gnome"/>
    <property name="awt.toolkit" value="sun.awt.X11.XToolkit"/>
    <property name="file.encoding.pkg" value="sun.io"/>
    <property name="java.specification.version" value="1.8"/>
    <property name="sun.cpu.isalist" value=""/>
    <property name="sun.jnu.encoding" value="UTF-8"/>
    <property name="java.class.path" value="/home/mafeng/IdeaProjects/picochain/picochain-auth/picochain-auth-common/target/test-classes:/home/mafeng/IdeaProjects/picochain/picochain-auth/picochain-auth-common/target/classes:/home/mafeng/.m2/repository/org/apache/commons/commons-lang3/3.7/commons-lang3-3.7.jar:/home/mafeng/.m2/repository/org/projectlombok/lombok/1.16.6/lombok-1.16.6.jar:/home/mafeng/.m2/repository/io/jsonwebtoken/jjwt/0.9.0/jjwt-0.9.0.jar:/home/mafeng/.m2/repository/com/fasterxml/jackson/core/jackson-databind/2.9.5/jackson-databind-2.9.5.jar:/home/mafeng/.m2/repository/com/fasterxml/jackson/core/jackson-annotations/2.9.0/jackson-annotations-2.9.0.jar:/home/mafeng/.m2/repository/com/fasterxml/jackson/core/jackson-core/2.9.5/jackson-core-2.9.5.jar:/home/mafeng/.m2/repository/joda-time/joda-time/2.9.9/joda-time-2.9.9.jar:/home/mafeng/.m2/repository/junit/junit/4.12/junit-4.12.jar:/home/mafeng/.m2/repository/org/hamcrest/hamcrest-core/1.3/hamcrest-core-1.3.jar:"/>
    <property name="java.vm.vendor" value="Private Build"/>
    <property name="sun.arch.data.model" value="64"/>
    <property name="java.vendor.url" value="http://java.oracle.com/"/>
    <property name="user.timezone" value=""/>
    <property name="java.vm.specification.version" value="1.8"/>
    <property name="os.name" value="Linux"/>
    <property name="user.country" value="CN"/>
    <property name="sun.java.launcher" value="SUN_STANDARD"/>
    <property name="sun.boot.library.path" value="/usr/lib/jvm/java-8-openjdk-amd64/jre/lib/amd64"/>
    <property name="sun.java.command" value="/home/mafeng/IdeaProjects/picochain/picochain-auth/picochain-auth-common/target/surefire/surefirebooter8847013502286204953.jar /home/mafeng/IdeaProjects/picochain/picochain-auth/picochain-auth-common/target/surefire 2020-11-11T11-44-27_136-jvmRun1 surefire2579492357643665278tmp surefire_01165856365559334844tmp"/>
    <property name="surefire.test.class.path" value="/home/mafeng/IdeaProjects/picochain/picochain-auth/picochain-auth-common/target/test-classes:/home/mafeng/IdeaProjects/picochain/picochain-auth/picochain-auth-common/target/classes:/home/mafeng/.m2/repository/org/apache/commons/commons-lang3/3.7/commons-lang3-3.7.jar:/home/mafeng/.m2/repository/org/projectlombok/lombok/1.16.6/lombok-1.16.6.jar:/home/mafeng/.m2/repository/io/jsonwebtoken/jjwt/0.9.0/jjwt-0.9.0.jar:/home/mafeng/.m2/repository/com/fasterxml/jackson/core/jackson-databind/2.9.5/jackson-databind-2.9.5.jar:/home/mafeng/.m2/repository/com/fasterxml/jackson/core/jackson-annotations/2.9.0/jackson-annotations-2.9.0.jar:/home/mafeng/.m2/repository/com/fasterxml/jackson/core/jackson-core/2.9.5/jackson-core-2.9.5.jar:/home/mafeng/.m2/repository/joda-time/joda-time/2.9.9/joda-time-2.9.9.jar:/home/mafeng/.m2/repository/junit/junit/4.12/junit-4.12.jar:/home/mafeng/.m2/repository/org/hamcrest/hamcrest-core/1.3/hamcrest-core-1.3.jar:"/>
    <property name="sun.cpu.endian" value="little"/>
    <property name="user.home" value="/home/mafeng"/>
    <property name="user.language" value="zh"/>
    <property name="java.specification.vendor" value="Oracle Corporation"/>
    <property name="java.home" value="/usr/lib/jvm/java-8-openjdk-amd64/jre"/>
    <property name="basedir" value="/home/mafeng/IdeaProjects/picochain/picochain-auth/picochain-auth-common"/>
    <property name="file.separator" value="/"/>
    <property name="line.separator" value="&#10;"/>
    <property name="java.vm.specification.vendor" value="Oracle Corporation"/>
    <property name="java.specification.name" value="Java Platform API Specification"/>
    <property name="java.awt.graphicsenv" value="sun.awt.X11GraphicsEnvironment"/>
    <property name="surefire.real.class.path" value="/home/mafeng/IdeaProjects/picochain/picochain-auth/picochain-auth-common/target/surefire/surefirebooter8847013502286204953.jar"/>
    <property name="sun.boot.class.path" value="/usr/lib/jvm/java-8-openjdk-amd64/jre/lib/resources.jar:/usr/lib/jvm/java-8-openjdk-amd64/jre/lib/rt.jar:/usr/lib/jvm/java-8-openjdk-amd64/jre/lib/sunrsasign.jar:/usr/lib/jvm/java-8-openjdk-amd64/jre/lib/jsse.jar:/usr/lib/jvm/java-8-openjdk-amd64/jre/lib/jce.jar:/usr/lib/jvm/java-8-openjdk-amd64/jre/lib/charsets.jar:/usr/lib/jvm/java-8-openjdk-amd64/jre/lib/jfr.jar:/usr/lib/jvm/java-8-openjdk-amd64/jre/classes"/>
    <property name="sun.management.compiler" value="HotSpot 64-Bit Tiered Compilers"/>
    <property name="java.runtime.version" value="1.8.0_272-8u272-b10-0ubuntu1~18.04-b10"/>
    <property name="user.name" value="mafeng"/>
    <property name="path.separator" value=":"/>
    <property name="os.version" value="4.15.0-122-generic"/>
    <property name="java.endorsed.dirs" value="/usr/lib/jvm/java-8-openjdk-amd64/jre/lib/endorsed"/>
    <property name="java.runtime.name" value="OpenJDK Runtime Environment"/>
    <property name="file.encoding" value="UTF-8"/>
    <property name="java.vm.name" value="OpenJDK 64-Bit Server VM"/>
    <property name="localRepository" value="/home/mafeng/.m2/repository"/>
    <property name="java.vendor.url.bug" value="http://bugreport.sun.com/bugreport/"/>
    <property name="java.io.tmpdir" value="/tmp"/>
    <property name="idea.version" value="2020.2.3"/>
    <property name="java.version" value="1.8.0_272"/>
    <property name="user.dir" value="/home/mafeng/IdeaProjects/picochain/picochain-auth/picochain-auth-common"/>
    <property name="os.arch" value="amd64"/>
    <property name="java.vm.specification.name" value="Java Virtual Machine Specification"/>
    <property name="java.awt.printerjob" value="sun.print.PSPrinterJob"/>
    <property name="sun.os.patch.level" value="unknown"/>
    <property name="java.library.path" value="/usr/java/packages/lib/amd64:/usr/lib/x86_64-linux-gnu/jni:/lib/x86_64-linux-gnu:/usr/lib/x86_64-linux-gnu:/usr/lib/jni:/lib:/usr/lib"/>
    <property name="java.vm.info" value="mixed mode"/>
    <property name="java.vendor" value="Private Build"/>
    <property name="java.vm.version" value="25.272-b10"/>
    <property name="java.ext.dirs" value="/usr/lib/jvm/java-8-openjdk-amd64/jre/lib/ext:/usr/java/packages/lib/ext"/>
    <property name="sun.io.unicode.encoding" value="UnicodeLittle"/>
    <property name="maven.repo.local" value="/home/mafeng/.m2/repository"/>
    <property name="java.class.version" value="52.0"/>
  </properties>
  <testcase name="testParseToken" classname="com.picochain.auth.test.JwtTest" time="0.006">
    <error message="F:\tmp\rsa\rsa.pub" type="java.nio.file.NoSuchFileException">java.nio.file.NoSuchFileException: F:\tmp\rsa\rsa.pub
	at com.picochain.auth.test.JwtTest.testGetRsa(JwtTest.java:33)
</error>
  </testcase>
  <testcase name="testRsa" classname="com.picochain.auth.test.JwtTest" time="0">
    <error message="F:\tmp\rsa\rsa.pub" type="java.nio.file.NoSuchFileException">java.nio.file.NoSuchFileException: F:\tmp\rsa\rsa.pub
	at com.picochain.auth.test.JwtTest.testGetRsa(JwtTest.java:33)
</error>
  </testcase>
  <testcase name="testGenerateToken" classname="com.picochain.auth.test.JwtTest" time="0.001">
    <error message="F:\tmp\rsa\rsa.pub" type="java.nio.file.NoSuchFileException">java.nio.file.NoSuchFileException: F:\tmp\rsa\rsa.pub
	at com.picochain.auth.test.JwtTest.testGetRsa(JwtTest.java:33)
</error>
  </testcase>
</testsuite>